<?xml version="1.0" encoding="UTF-8"?>
<!-- Generated by org.testng.reporters.JUnitReportReporter -->
<testsuite hostname="LAPTOP-7LHOPU9M" failures="0" tests="1" name="com.learnAutomation.sample.ExtendReport" time="1.530" errors="0" timestamp="2024-05-24T23:23:50 IST" skipped="0">
  <testcase classname="com.learnAutomation.sample.ExtendReport" name="test1" time="1.530"/>
  <system-out/>
</testsuite> <!-- com.learnAutomation.sample.ExtendReport -->
