<?xml version="1.0" encoding="UTF-8"?>
<!-- Generated by org.testng.reporters.JUnitReportReporter -->
<testsuite hostname="LAPTOP-7LHOPU9M" failures="0" tests="1" name="com.learnAutomation.testcases.SmokeTest" time="0.151" errors="0" timestamp="2024-05-26T13:54:57 IST" skipped="0">
  <testcase classname="com.learnAutomation.testcases.SmokeTest" name="verifyURL" time="0.151"/>
  <system-out/>
</testsuite> <!-- com.learnAutomation.testcases.SmokeTest -->
